[2020-02-13 03:44:47] [IMessager.java] [20] [INFO] SM-J415F - 879ee013 TEST [Mobile test 1 - testUIElements] STARTED at [15:44:47 2020-02-13]
[2020-02-13 03:44:47] [M1CloudActivities.java] [20] [INFO] DeviceName: Samsung_Galaxy_J4_Plus.properties
[2020-02-13 03:45:05] [DriverListener.java] [20] [INFO] PASS: element 'nextBtn' is clicked.
[2020-02-13 03:45:09] [DriverListener.java] [20] [INFO] PASS: keys cleared in element 'nameInputField'.
[2020-02-13 03:45:10] [DriverListener.java] [20] [INFO] PASS: keys 'Test user' are sent to element 'nameInputField'.
[2020-02-13 03:45:12] [DriverListener.java] [20] [INFO] PASS: keys cleared in element 'passwordInputField'.
[2020-02-13 03:45:13] [DriverListener.java] [20] [INFO] PASS: keys 'BkwaLSQODE' are sent to element 'passwordInputField'.
[2020-02-13 03:45:15] [DriverListener.java] [20] [INFO] PASS: element 'maleRadioBtn' is clicked.
[2020-02-13 03:45:17] [DriverListener.java] [20] [INFO] PASS: element 'privacyPolicyCheckbox' is clicked.
[2020-02-13 03:45:19] [DriverListener.java] [20] [INFO] PASS: element 'loginBtn' is clicked.
[2020-02-13 03:45:29] [DriverListener.java] [20] [INFO] PASS: element 'leftMenuButton' is clicked.
[2020-02-13 03:45:34] [DriverListener.java] [20] [INFO] PASS: element 'uiElementsLink' is clicked.
[2020-02-13 03:45:37] [DriverListener.java] [20] [INFO] PASS: keys cleared in element 'textField'.
[2020-02-13 03:45:38] [DriverListener.java] [20] [INFO] PASS: keys 'some text' are sent to element 'textField'.
[2020-02-13 03:45:41] [DriverListener.java] [20] [INFO] PASS: keys cleared in element 'dateField'.
[2020-02-13 03:45:43] [DriverListener.java] [20] [INFO] PASS: keys '22/10/2018' are sent to element 'dateField'.
[2020-02-13 03:45:45] [DriverListener.java] [20] [INFO] PASS: keys cleared in element 'emailField'.
[2020-02-13 03:45:49] [DriverListener.java] [20] [INFO] PASS: keys 'some@email.com' are sent to element 'emailField'.
[2020-02-13 03:45:51] [MobileUtils.java] [20] [INFO] element already present before swipe: femaleRadioButton (By.id: radioButton3)
[2020-02-13 03:45:52] [DriverListener.java] [20] [INFO] PASS: element 'checkBoxButton' is clicked.
[2020-02-13 03:45:55] [DriverListener.java] [20] [INFO] PASS: element 'femaleRadioButton' is clicked.
[2020-02-13 03:46:20] [ExtendedWebElement.java] [20] [ERROR] FAIL: tap - waitCondition for element 'otherRadioButton (By.id: radioButton5)' not satisfied!
[2020-02-13 03:46:20] [ExtendedWebElement.java] [20] [ERROR] catched WebDriverException: 
[2020-02-13 03:46:22] [IMessager.java] [20] [ERROR] SM-J415F - 879ee013 TEST [Mobile test 1 - testUIElements] FAILED at [15:46:22 2020-02-13] - Unable to detect element: otherRadioButton (By.id: radioButton5)

com.qaprosoft.carina.core.foundation.webdriver.decorator.ExtendedWebElement.doAction(ExtendedWebElement.java:1391)
com.qaprosoft.carina.core.foundation.webdriver.decorator.ExtendedWebElement.doAction(ExtendedWebElement.java:1345)
com.qaprosoft.carina.core.foundation.webdriver.decorator.ExtendedWebElement.click(ExtendedWebElement.java:493)
com.qaprosoft.carina.core.foundation.webdriver.decorator.ExtendedWebElement.click(ExtendedWebElement.java:481)
com.qaprosoft.carina.core.foundation.webdriver.decorator.ExtendedWebElement.click(ExtendedWebElement.java:472)
com.qaprosoft.carina.demo.mobile.gui.pages.android.UIElementsPage.clickOnOtherRadioButton(UIElementsPage.java:86)
com.qaprosoft.carina.demo.MobileSampleTest.testUIElements(MobileSampleTest.java:160)
sun.reflect.NativeMethodAccessorImpl.invoke0(Native Method)
sun.reflect.NativeMethodAccessorImpl.invoke(Unknown Source)
sun.reflect.DelegatingMethodAccessorImpl.invoke(Unknown Source)
java.lang.reflect.Method.invoke(Unknown Source)
org.testng.internal.MethodInvocationHelper.invokeMethod(MethodInvocationHelper.java:124)
org.testng.internal.Invoker.invokeMethod(Invoker.java:583)
org.testng.internal.Invoker.invokeTestMethod(Invoker.java:719)
org.testng.internal.Invoker.invokeTestMethods(Invoker.java:989)
org.testng.internal.TestMethodWorker.invokeTestMethods(TestMethodWorker.java:125)
org.testng.internal.TestMethodWorker.run(TestMethodWorker.java:109)
org.testng.TestRunner.privateRun(TestRunner.java:648)
org.testng.TestRunner.run(TestRunner.java:505)
org.testng.SuiteRunner.runTest(SuiteRunner.java:455)
org.testng.SuiteRunner.access$000(SuiteRunner.java:40)
org.testng.SuiteRunner$SuiteWorker.run(SuiteRunner.java:489)
org.testng.internal.thread.ThreadUtil$1.call(ThreadUtil.java:52)
java.util.concurrent.FutureTask.run(Unknown Source)
java.util.concurrent.ThreadPoolExecutor.runWorker(Unknown Source)
java.util.concurrent.ThreadPoolExecutor$Worker.run(Unknown Source)
java.lang.Thread.run(Unknown Source)
