[2020-02-08 03:15:06] [IMessager.java] [1] [INFO]  TEST [GSMA0001 - Default test - testModelSpecs] STARTED at [15:15:06 2020-02-08]
[2020-02-08 03:15:08] [DesktopFactory.java] [1] [INFO] Browser window was maximized
[2020-02-08 03:15:08] [IMessager.java] [1] [INFO] INFO: url 'https://www.gsmarena.com' is being opened...
[2020-02-08 03:15:11] [DriverListener.java] [1] [INFO] INFO: url 'https://www.gsmarena.com' is opened.
[2020-02-08 03:15:32] [HomePage.java] [1] [INFO] selecting 'Samsung' brand...
[2020-02-08 03:15:33] [HomePage.java] [1] [INFO] currentBrand: PHONE FINDER
[2020-02-08 03:15:33] [HomePage.java] [1] [INFO] currentBrand: SAMSUNG
[2020-02-08 03:15:36] [DriverListener.java] [1] [INFO] PASS: element 'SAMSUNG' is clicked.
[2020-02-08 03:15:50] [DriverListener.java] [1] [INFO] PASS: element 'modelLink' is clicked.
[2020-02-08 03:16:18] [IMessager.java] [1] [ERROR]  TEST [GSMA0001 - Default test - testModelSpecs] FAILED at [15:16:18 2020-02-08] - Invalid ram info! expected [12GB RAM] but found [8/12GB RAM]

org.testng.Assert.fail(Assert.java:96)
org.testng.Assert.failNotEquals(Assert.java:776)
org.testng.Assert.assertEqualsImpl(Assert.java:137)
org.testng.Assert.assertEquals(Assert.java:118)
org.testng.Assert.assertEquals(Assert.java:453)
com.qaprosoft.carina.demo.WebSampleTest.testModelSpecs(WebSampleTest.java:73)
sun.reflect.NativeMethodAccessorImpl.invoke0(Native Method)
sun.reflect.NativeMethodAccessorImpl.invoke(Unknown Source)
sun.reflect.DelegatingMethodAccessorImpl.invoke(Unknown Source)
java.lang.reflect.Method.invoke(Unknown Source)
org.testng.internal.MethodInvocationHelper.invokeMethod(MethodInvocationHelper.java:124)
org.testng.internal.Invoker.invokeMethod(Invoker.java:583)
org.testng.internal.Invoker.invokeTestMethod(Invoker.java:719)
org.testng.internal.Invoker.invokeTestMethods(Invoker.java:989)
org.testng.internal.TestMethodWorker.invokeTestMethods(TestMethodWorker.java:125)
org.testng.internal.TestMethodWorker.run(TestMethodWorker.java:109)
org.testng.TestRunner.privateRun(TestRunner.java:648)
org.testng.TestRunner.run(TestRunner.java:505)
org.testng.SuiteRunner.runTest(SuiteRunner.java:455)
org.testng.SuiteRunner.runSequentially(SuiteRunner.java:450)
org.testng.SuiteRunner.privateRun(SuiteRunner.java:415)
org.testng.SuiteRunner.run(SuiteRunner.java:364)
org.testng.SuiteRunnerWorker.runSuite(SuiteRunnerWorker.java:52)
org.testng.SuiteRunnerWorker.run(SuiteRunnerWorker.java:84)
org.testng.TestNG.runSuitesSequentially(TestNG.java:1208)
org.testng.TestNG.runSuitesLocally(TestNG.java:1137)
org.testng.TestNG.runSuites(TestNG.java:1049)
org.testng.TestNG.run(TestNG.java:1017)
org.testng.remote.AbstractRemoteTestNG.run(AbstractRemoteTestNG.java:114)
org.testng.remote.RemoteTestNG.initAndRun(RemoteTestNG.java:251)
org.testng.remote.RemoteTestNG.main(RemoteTestNG.java:77)
