[2020-02-08 03:17:42] [IMessager.java] [1] [INFO]  TEST [Default test - testNewsSearch] STARTED at [15:17:42 2020-02-08]
[2020-02-08 03:17:43] [DesktopFactory.java] [1] [INFO] Browser window was maximized
[2020-02-08 03:17:43] [IMessager.java] [1] [INFO] INFO: url 'https://www.gsmarena.com' is being opened...
[2020-02-08 03:17:47] [DriverListener.java] [1] [INFO] INFO: url 'https://www.gsmarena.com' is opened.
[2020-02-08 03:17:50] [DriverListener.java] [1] [INFO] PASS: element 'newsLink' is clicked.
[2020-02-08 03:18:12] [DriverHelper.java] [1] [WARN] Actual URL differs from expected one. Expected 'https://qkm1.qualitykiosk.com/api/news.php3' but found 'https://www.gsmarena.com/news.php3'
[2020-02-08 03:18:33] [IMessager.java] [1] [ERROR]  TEST [Default test - testNewsSearch] FAILED at [15:18:33 2020-02-08] - News page is not opened! expected [true] but found [false]

org.testng.Assert.fail(Assert.java:96)
org.testng.Assert.failNotEquals(Assert.java:776)
org.testng.Assert.assertTrue(Assert.java:44)
com.qaprosoft.carina.demo.WebSampleTest.testNewsSearch(WebSampleTest.java:107)
sun.reflect.NativeMethodAccessorImpl.invoke0(Native Method)
sun.reflect.NativeMethodAccessorImpl.invoke(Unknown Source)
sun.reflect.DelegatingMethodAccessorImpl.invoke(Unknown Source)
java.lang.reflect.Method.invoke(Unknown Source)
org.testng.internal.MethodInvocationHelper.invokeMethod(MethodInvocationHelper.java:124)
org.testng.internal.Invoker.invokeMethod(Invoker.java:583)
org.testng.internal.Invoker.invokeTestMethod(Invoker.java:719)
org.testng.internal.Invoker.invokeTestMethods(Invoker.java:989)
org.testng.internal.TestMethodWorker.invokeTestMethods(TestMethodWorker.java:125)
org.testng.internal.TestMethodWorker.run(TestMethodWorker.java:109)
org.testng.TestRunner.privateRun(TestRunner.java:648)
org.testng.TestRunner.run(TestRunner.java:505)
org.testng.SuiteRunner.runTest(SuiteRunner.java:455)
org.testng.SuiteRunner.runSequentially(SuiteRunner.java:450)
org.testng.SuiteRunner.privateRun(SuiteRunner.java:415)
org.testng.SuiteRunner.run(SuiteRunner.java:364)
org.testng.SuiteRunnerWorker.runSuite(SuiteRunnerWorker.java:52)
org.testng.SuiteRunnerWorker.run(SuiteRunnerWorker.java:84)
org.testng.TestNG.runSuitesSequentially(TestNG.java:1208)
org.testng.TestNG.runSuitesLocally(TestNG.java:1137)
org.testng.TestNG.runSuites(TestNG.java:1049)
org.testng.TestNG.run(TestNG.java:1017)
org.testng.remote.AbstractRemoteTestNG.run(AbstractRemoteTestNG.java:114)
org.testng.remote.RemoteTestNG.initAndRun(RemoteTestNG.java:251)
org.testng.remote.RemoteTestNG.main(RemoteTestNG.java:77)
