[2020-02-13 06:00:13] [IMessager.java] [22] [INFO]  TEST [Mobile test 2 - testWebView] STARTED at [18:00:13 2020-02-13]
[2020-02-13 06:00:14] [M1CloudActivities.java] [22] [INFO] DeviceName: Samsung_Galaxy_J8.properties
[2020-02-13 06:00:58] [DriverListener.java] [22] [INFO] PASS: element 'nextBtn' is clicked.
[2020-02-13 06:01:00] [DriverListener.java] [22] [INFO] PASS: keys cleared in element 'nameInputField'.
[2020-02-13 06:01:02] [DriverListener.java] [22] [INFO] PASS: keys 'Test user' are sent to element 'nameInputField'.
[2020-02-13 06:01:04] [DriverListener.java] [22] [INFO] PASS: keys cleared in element 'passwordInputField'.
[2020-02-13 06:01:06] [DriverListener.java] [22] [INFO] PASS: keys 'PaHJKItIBU' are sent to element 'passwordInputField'.
[2020-02-13 06:01:08] [DriverListener.java] [22] [INFO] PASS: element 'maleRadioBtn' is clicked.
[2020-02-13 06:01:10] [DriverListener.java] [22] [INFO] PASS: element 'privacyPolicyCheckbox' is clicked.
[2020-02-13 06:01:11] [DriverListener.java] [22] [INFO] PASS: element 'loginBtn' is clicked.
[2020-02-13 06:01:13] [MobileContextUtils.java] [22] [INFO] Existing contexts: 
[2020-02-13 06:01:13] [MobileContextUtils.java] [22] [INFO] NATIVE_APP
[2020-02-13 06:01:13] [MobileContextUtils.java] [22] [INFO] WEBVIEW_com.solvd.carinademoapplication
[2020-02-13 06:01:14] [IMessager.java] [22] [ERROR] SM-J810G - 86ef9023 TEST [Mobile test 2 - testWebView] FAILED at [18:01:14 2020-02-13] - Desired context is not present
Build info: version: '3.141.59', revision: 'e82be7d358', time: '2018-11-14T08:17:03'
System info: host: 'QKNBK474', ip: '10.0.75.1', os.name: 'Windows 10', os.arch: 'amd64', os.version: '10.0', java.version: '1.8.0_131'
Driver info: driver.version: unknown

com.qaprosoft.carina.demo.utils.MobileContextUtils.switchMobileContext(MobileContextUtils.java:43)
com.qaprosoft.carina.demo.MobileSampleTest2.testWebView(MobileSampleTest2.java:41)
sun.reflect.NativeMethodAccessorImpl.invoke0(Native Method)
sun.reflect.NativeMethodAccessorImpl.invoke(Unknown Source)
sun.reflect.DelegatingMethodAccessorImpl.invoke(Unknown Source)
java.lang.reflect.Method.invoke(Unknown Source)
org.testng.internal.MethodInvocationHelper.invokeMethod(MethodInvocationHelper.java:124)
org.testng.internal.MethodInvocationHelper$1.runTestMethod(MethodInvocationHelper.java:230)
com.qaprosoft.zafira.listener.ZafiraListener.lambda$run$0(ZafiraListener.java:103)
com.qaprosoft.zafira.listener.ZafiraEventRegistrar.onTestHook(ZafiraEventRegistrar.java:360)
com.qaprosoft.zafira.listener.ZafiraListener.run(ZafiraListener.java:103)
org.testng.internal.MethodInvocationHelper.invokeHookable(MethodInvocationHelper.java:242)
org.testng.internal.Invoker.invokeMethod(Invoker.java:579)
org.testng.internal.Invoker.invokeTestMethod(Invoker.java:719)
org.testng.internal.Invoker.invokeTestMethods(Invoker.java:989)
org.testng.internal.TestMethodWorker.invokeTestMethods(TestMethodWorker.java:125)
org.testng.internal.TestMethodWorker.run(TestMethodWorker.java:109)
org.testng.TestRunner.privateRun(TestRunner.java:648)
org.testng.TestRunner.run(TestRunner.java:505)
org.testng.SuiteRunner.runTest(SuiteRunner.java:455)
org.testng.SuiteRunner.access$000(SuiteRunner.java:40)
org.testng.SuiteRunner$SuiteWorker.run(SuiteRunner.java:489)
org.testng.internal.thread.ThreadUtil$1.call(ThreadUtil.java:52)
java.util.concurrent.FutureTask.run(Unknown Source)
java.util.concurrent.ThreadPoolExecutor.runWorker(Unknown Source)
java.util.concurrent.ThreadPoolExecutor$Worker.run(Unknown Source)
java.lang.Thread.run(Unknown Source)
