[2020-02-08 03:10:47] [IMessager.java] [1] [INFO]  TEST [GSMA0002 - Default test - testModelSpecs] STARTED at [15:10:47 2020-02-08]
[2020-02-08 03:10:47] [IDriverPool.java] [1] [ERROR] Driver initialization 'default' FAILED! Retry 1 of 1 time - org.openqa.selenium.WebDriverException: Error forwarding the new session cannot find : Capabilities {app: src/main/resources/carinade..., appActivity: com.solvd.carinademoapplica..., appPackage: com.solvd.carinademoapplica..., automationName: uiautomator2, browserName: chrome, carinaTestRunId: 22d5a497-b9f8-46e1-9d34-13f..., deviceType: phone, goog:chromeOptions: {args: [test-type, --no-first-run, --disable-notifications], extensions: [], w3c: false}, platformName: android}
Command duration or timeout: 38 milliseconds
[2020-02-08 03:10:47] [IMessager.java] [1] [ERROR]  TEST [GSMA0002 - Default test - testModelSpecs] FAILED at [15:10:47 2020-02-08] - org.openqa.selenium.WebDriverException: Error forwarding the new session cannot find : Capabilities {app: src/main/resources/carinade..., appActivity: com.solvd.carinademoapplica..., appPackage: com.solvd.carinademoapplica..., automationName: uiautomator2, browserName: chrome, carinaTestRunId: 22d5a497-b9f8-46e1-9d34-13f..., deviceType: phone, goog:chromeOptions: {args: [test-type, --no-first-run, --disable-notifications], extensions: [], w3c: false}, platformName: android}
Command duration or timeout: 38 milliseconds

com.qaprosoft.carina.core.foundation.webdriver.listener.EventFiringAppiumCommandExecutor.execute(EventFiringAppiumCommandExecutor.java:169)
org.openqa.selenium.remote.RemoteWebDriver.execute(RemoteWebDriver.java:552)
io.appium.java_client.DefaultGenericMobileDriver.execute(DefaultGenericMobileDriver.java:41)
io.appium.java_client.AppiumDriver.execute(AppiumDriver.java:1)
io.appium.java_client.android.AndroidDriver.execute(AndroidDriver.java:1)
org.openqa.selenium.remote.RemoteWebDriver.startSession(RemoteWebDriver.java:213)
io.appium.java_client.AppiumDriver.startSession(AppiumDriver.java:323)
org.openqa.selenium.remote.RemoteWebDriver.<init>(RemoteWebDriver.java:131)
io.appium.java_client.DefaultGenericMobileDriver.<init>(DefaultGenericMobileDriver.java:37)
io.appium.java_client.AppiumDriver.<init>(AppiumDriver.java:86)
io.appium.java_client.android.AndroidDriver.<init>(AndroidDriver.java:84)
com.qaprosoft.carina.core.foundation.webdriver.core.factory.impl.MobileFactory.create(MobileFactory.java:167)
com.qaprosoft.carina.core.foundation.webdriver.core.factory.DriverFactory.create(DriverFactory.java:71)
com.qaprosoft.carina.core.foundation.webdriver.IDriverPool.createDriver(IDriverPool.java:353)
com.qaprosoft.carina.core.foundation.webdriver.IDriverPool.getDriver(IDriverPool.java:143)
com.qaprosoft.carina.core.foundation.webdriver.IDriverPool.getDriver(IDriverPool.java:78)
com.qaprosoft.carina.core.foundation.webdriver.IDriverPool.getDriver(IDriverPool.java:66)
com.qaprosoft.carina.demo.WebSampleTest.testModelSpecs(WebSampleTest.java:58)
sun.reflect.NativeMethodAccessorImpl.invoke0(Native Method)
sun.reflect.NativeMethodAccessorImpl.invoke(Unknown Source)
sun.reflect.DelegatingMethodAccessorImpl.invoke(Unknown Source)
java.lang.reflect.Method.invoke(Unknown Source)
org.testng.internal.MethodInvocationHelper.invokeMethod(MethodInvocationHelper.java:124)
org.testng.internal.Invoker.invokeMethod(Invoker.java:583)
org.testng.internal.Invoker.invokeTestMethod(Invoker.java:719)
org.testng.internal.Invoker.invokeTestMethods(Invoker.java:989)
org.testng.internal.TestMethodWorker.invokeTestMethods(TestMethodWorker.java:125)
org.testng.internal.TestMethodWorker.run(TestMethodWorker.java:109)
org.testng.TestRunner.privateRun(TestRunner.java:648)
org.testng.TestRunner.run(TestRunner.java:505)
org.testng.SuiteRunner.runTest(SuiteRunner.java:455)
org.testng.SuiteRunner.runSequentially(SuiteRunner.java:450)
org.testng.SuiteRunner.privateRun(SuiteRunner.java:415)
org.testng.SuiteRunner.run(SuiteRunner.java:364)
org.testng.SuiteRunnerWorker.runSuite(SuiteRunnerWorker.java:52)
org.testng.SuiteRunnerWorker.run(SuiteRunnerWorker.java:84)
org.testng.TestNG.runSuitesSequentially(TestNG.java:1208)
org.testng.TestNG.runSuitesLocally(TestNG.java:1137)
org.testng.TestNG.runSuites(TestNG.java:1049)
org.testng.TestNG.run(TestNG.java:1017)
org.testng.remote.AbstractRemoteTestNG.run(AbstractRemoteTestNG.java:114)
org.testng.remote.RemoteTestNG.initAndRun(RemoteTestNG.java:251)
org.testng.remote.RemoteTestNG.main(RemoteTestNG.java:77)
