<?xml version="1.0" encoding="UTF-8"?>
<testng-results skipped="0" failed="2" ignored="0" total="5" passed="3">
  <reporter-output>
    <line>
      <![CDATA[ TEST [GSMA0001 - Default test - testModelSpecs] FAILED at [15:16:18 2020-02-08] - Invalid ram info! expected [12GB RAM] but found [8/12GB RAM]

org.testng.Assert.fail(Assert.java:96)
org.testng.Assert.failNotEquals(Assert.java:776)
org.testng.Assert.assertEqualsImpl(Assert.java:137)
org.testng.Assert.assertEquals(Assert.java:118)
org.testng.Assert.assertEquals(Assert.java:453)
com.qaprosoft.carina.demo.WebSampleTest.testModelSpecs(WebSampleTest.java:73)
sun.reflect.NativeMethodAccessorImpl.invoke0(Native Method)
sun.reflect.NativeMethodAccessorImpl.invoke(Unknown Source)
sun.reflect.DelegatingMethodAccessorImpl.invoke(Unknown Source)
java.lang.reflect.Method.invoke(Unknown Source)
org.testng.internal.MethodInvocationHelper.invokeMethod(MethodInvocationHelper.java:124)
org.testng.internal.Invoker.invokeMethod(Invoker.java:583)
org.testng.internal.Invoker.invokeTestMethod(Invoker.java:719)
org.testng.internal.Invoker.invokeTestMethods(Invoker.java:989)
org.testng.internal.TestMethodWorker.invokeTestMethods(TestMethodWorker.java:125)
org.testng.internal.TestMethodWorker.run(TestMethodWorker.java:109)
org.testng.TestRunner.privateRun(TestRunner.java:648)
org.testng.TestRunner.run(TestRunner.java:505)
org.testng.SuiteRunner.runTest(SuiteRunner.java:455)
org.testng.SuiteRunner.runSequentially(SuiteRunner.java:450)
org.testng.SuiteRunner.privateRun(SuiteRunner.java:415)
org.testng.SuiteRunner.run(SuiteRunner.java:364)
org.testng.SuiteRunnerWorker.runSuite(SuiteRunnerWorker.java:52)
org.testng.SuiteRunnerWorker.run(SuiteRunnerWorker.java:84)
org.testng.TestNG.runSuitesSequentially(TestNG.java:1208)
org.testng.TestNG.runSuitesLocally(TestNG.java:1137)
org.testng.TestNG.runSuites(TestNG.java:1049)
org.testng.TestNG.run(TestNG.java:1017)
org.testng.remote.AbstractRemoteTestNG.run(AbstractRemoteTestNG.java:114)
org.testng.remote.RemoteTestNG.initAndRun(RemoteTestNG.java:251)
org.testng.remote.RemoteTestNG.main(RemoteTestNG.java:77)]]>
    </line>
    <line>
      <![CDATA[ TEST [Default test - testNewsSearch] FAILED at [15:18:33 2020-02-08] - News page is not opened! expected [true] but found [false]

org.testng.Assert.fail(Assert.java:96)
org.testng.Assert.failNotEquals(Assert.java:776)
org.testng.Assert.assertTrue(Assert.java:44)
com.qaprosoft.carina.demo.WebSampleTest.testNewsSearch(WebSampleTest.java:107)
sun.reflect.NativeMethodAccessorImpl.invoke0(Native Method)
sun.reflect.NativeMethodAccessorImpl.invoke(Unknown Source)
sun.reflect.DelegatingMethodAccessorImpl.invoke(Unknown Source)
java.lang.reflect.Method.invoke(Unknown Source)
org.testng.internal.MethodInvocationHelper.invokeMethod(MethodInvocationHelper.java:124)
org.testng.internal.Invoker.invokeMethod(Invoker.java:583)
org.testng.internal.Invoker.invokeTestMethod(Invoker.java:719)
org.testng.internal.Invoker.invokeTestMethods(Invoker.java:989)
org.testng.internal.TestMethodWorker.invokeTestMethods(TestMethodWorker.java:125)
org.testng.internal.TestMethodWorker.run(TestMethodWorker.java:109)
org.testng.TestRunner.privateRun(TestRunner.java:648)
org.testng.TestRunner.run(TestRunner.java:505)
org.testng.SuiteRunner.runTest(SuiteRunner.java:455)
org.testng.SuiteRunner.runSequentially(SuiteRunner.java:450)
org.testng.SuiteRunner.privateRun(SuiteRunner.java:415)
org.testng.SuiteRunner.run(SuiteRunner.java:364)
org.testng.SuiteRunnerWorker.runSuite(SuiteRunnerWorker.java:52)
org.testng.SuiteRunnerWorker.run(SuiteRunnerWorker.java:84)
org.testng.TestNG.runSuitesSequentially(TestNG.java:1208)
org.testng.TestNG.runSuitesLocally(TestNG.java:1137)
org.testng.TestNG.runSuites(TestNG.java:1049)
org.testng.TestNG.run(TestNG.java:1017)
org.testng.remote.AbstractRemoteTestNG.run(AbstractRemoteTestNG.java:114)
org.testng.remote.RemoteTestNG.initAndRun(RemoteTestNG.java:251)
org.testng.remote.RemoteTestNG.main(RemoteTestNG.java:77)]]>
    </line>
  </reporter-output>
  <suite name="Default suite" duration-ms="255915" started-at="2020-02-08T09:44:17Z" finished-at="2020-02-08T09:48:33Z">
    <groups>
    </groups>
    <test name="Default test" duration-ms="255915" started-at="2020-02-08T09:44:17Z" finished-at="2020-02-08T09:48:33Z">
      <class name="com.qaprosoft.carina.demo.WebSampleTest">
        <test-method status="PASS" signature="testCompareModels()[pri:0, instance:com.qaprosoft.carina.demo.WebSampleTest@1f3f4916]" name="testCompareModels" duration-ms="48360" started-at="2020-02-08T09:44:17Z" description="JIRA#AUTO-0009" finished-at="2020-02-08T09:45:05Z">
          <reporter-output>
          </reporter-output>
        </test-method> <!-- testCompareModels -->
        <test-method status="FAIL" signature="testModelSpecs(java.lang.String, java.lang.String, java.lang.String, java.lang.String, java.lang.String, java.lang.String)[pri:0, instance:com.qaprosoft.carina.demo.WebSampleTest@1f3f4916]" name="testModelSpecs" duration-ms="47823" started-at="2020-02-08T09:45:06Z" description="JIRA#AUTO-0008" data-provider="SingleDataProvider" finished-at="2020-02-08T09:45:54Z">
          <params>
            <param index="0">
              <value>
                <![CDATA[Samsung]]>
              </value>
            </param>
            <param index="1">
              <value>
                <![CDATA[Galaxy S10+]]>
              </value>
            </param>
            <param index="2">
              <value>
                <![CDATA[6.4"]]>
              </value>
            </param>
            <param index="3">
              <value>
                <![CDATA[16MP]]>
              </value>
            </param>
            <param index="4">
              <value>
                <![CDATA[12GB RAM]]>
              </value>
            </param>
            <param index="5">
              <value>
                <![CDATA[4100mAh]]>
              </value>
            </param>
          </params>
          <exception class="java.lang.AssertionError">
            <message>
              <![CDATA[Invalid ram info! expected [12GB RAM] but found [8/12GB RAM]]]>
            </message>
            <full-stacktrace>
              <![CDATA[java.lang.AssertionError: Invalid ram info! expected [12GB RAM] but found [8/12GB RAM]
at org.testng.Assert.fail(Assert.java:96)
at org.testng.Assert.failNotEquals(Assert.java:776)
at org.testng.Assert.assertEqualsImpl(Assert.java:137)
at org.testng.Assert.assertEquals(Assert.java:118)
at org.testng.Assert.assertEquals(Assert.java:453)
at com.qaprosoft.carina.demo.WebSampleTest.testModelSpecs(WebSampleTest.java:73)
at sun.reflect.NativeMethodAccessorImpl.invoke0(Native Method)
at sun.reflect.NativeMethodAccessorImpl.invoke(Unknown Source)
at sun.reflect.DelegatingMethodAccessorImpl.invoke(Unknown Source)
at java.lang.reflect.Method.invoke(Unknown Source)
at org.testng.internal.MethodInvocationHelper.invokeMethod(MethodInvocationHelper.java:124)
at org.testng.internal.Invoker.invokeMethod(Invoker.java:583)
at org.testng.internal.Invoker.invokeTestMethod(Invoker.java:719)
at org.testng.internal.Invoker.invokeTestMethods(Invoker.java:989)
at org.testng.internal.TestMethodWorker.invokeTestMethods(TestMethodWorker.java:125)
at org.testng.internal.TestMethodWorker.run(TestMethodWorker.java:109)
at org.testng.TestRunner.privateRun(TestRunner.java:648)
at org.testng.TestRunner.run(TestRunner.java:505)
at org.testng.SuiteRunner.runTest(SuiteRunner.java:455)
at org.testng.SuiteRunner.runSequentially(SuiteRunner.java:450)
at org.testng.SuiteRunner.privateRun(SuiteRunner.java:415)
at org.testng.SuiteRunner.run(SuiteRunner.java:364)
at org.testng.SuiteRunnerWorker.runSuite(SuiteRunnerWorker.java:52)
at org.testng.SuiteRunnerWorker.run(SuiteRunnerWorker.java:84)
at org.testng.TestNG.runSuitesSequentially(TestNG.java:1208)
at org.testng.TestNG.runSuitesLocally(TestNG.java:1137)
at org.testng.TestNG.runSuites(TestNG.java:1049)
at org.testng.TestNG.run(TestNG.java:1017)
at org.testng.remote.AbstractRemoteTestNG.run(AbstractRemoteTestNG.java:114)
at org.testng.remote.RemoteTestNG.initAndRun(RemoteTestNG.java:251)
at org.testng.remote.RemoteTestNG.main(RemoteTestNG.java:77)
]]>
            </full-stacktrace>
          </exception> <!-- java.lang.AssertionError -->
          <reporter-output>
            <line>
              <![CDATA[ TEST [GSMA0001 - Default test - testModelSpecs] FAILED at [15:16:18 2020-02-08] - Invalid ram info! expected [12GB RAM] but found [8/12GB RAM]

org.testng.Assert.fail(Assert.java:96)
org.testng.Assert.failNotEquals(Assert.java:776)
org.testng.Assert.assertEqualsImpl(Assert.java:137)
org.testng.Assert.assertEquals(Assert.java:118)
org.testng.Assert.assertEquals(Assert.java:453)
com.qaprosoft.carina.demo.WebSampleTest.testModelSpecs(WebSampleTest.java:73)
sun.reflect.NativeMethodAccessorImpl.invoke0(Native Method)
sun.reflect.NativeMethodAccessorImpl.invoke(Unknown Source)
sun.reflect.DelegatingMethodAccessorImpl.invoke(Unknown Source)
java.lang.reflect.Method.invoke(Unknown Source)
org.testng.internal.MethodInvocationHelper.invokeMethod(MethodInvocationHelper.java:124)
org.testng.internal.Invoker.invokeMethod(Invoker.java:583)
org.testng.internal.Invoker.invokeTestMethod(Invoker.java:719)
org.testng.internal.Invoker.invokeTestMethods(Invoker.java:989)
org.testng.internal.TestMethodWorker.invokeTestMethods(TestMethodWorker.java:125)
org.testng.internal.TestMethodWorker.run(TestMethodWorker.java:109)
org.testng.TestRunner.privateRun(TestRunner.java:648)
org.testng.TestRunner.run(TestRunner.java:505)
org.testng.SuiteRunner.runTest(SuiteRunner.java:455)
org.testng.SuiteRunner.runSequentially(SuiteRunner.java:450)
org.testng.SuiteRunner.privateRun(SuiteRunner.java:415)
org.testng.SuiteRunner.run(SuiteRunner.java:364)
org.testng.SuiteRunnerWorker.runSuite(SuiteRunnerWorker.java:52)
org.testng.SuiteRunnerWorker.run(SuiteRunnerWorker.java:84)
org.testng.TestNG.runSuitesSequentially(TestNG.java:1208)
org.testng.TestNG.runSuitesLocally(TestNG.java:1137)
org.testng.TestNG.runSuites(TestNG.java:1049)
org.testng.TestNG.run(TestNG.java:1017)
org.testng.remote.AbstractRemoteTestNG.run(AbstractRemoteTestNG.java:114)
org.testng.remote.RemoteTestNG.initAndRun(RemoteTestNG.java:251)
org.testng.remote.RemoteTestNG.main(RemoteTestNG.java:77)]]>
            </line>
          </reporter-output>
        </test-method> <!-- testModelSpecs -->
        <test-method status="PASS" signature="testModelSpecs(java.lang.String, java.lang.String, java.lang.String, java.lang.String, java.lang.String, java.lang.String)[pri:0, instance:com.qaprosoft.carina.demo.WebSampleTest@1f3f4916]" name="testModelSpecs" duration-ms="42236" started-at="2020-02-08T09:46:18Z" description="JIRA#AUTO-0008" data-provider="SingleDataProvider" finished-at="2020-02-08T09:47:00Z">
          <params>
            <param index="0">
              <value>
                <![CDATA[Samsung]]>
              </value>
            </param>
            <param index="1">
              <value>
                <![CDATA[Galaxy S10]]>
              </value>
            </param>
            <param index="2">
              <value>
                <![CDATA[6.1"]]>
              </value>
            </param>
            <param index="3">
              <value>
                <![CDATA[16MP]]>
              </value>
            </param>
            <param index="4">
              <value>
                <![CDATA[8GB RAM]]>
              </value>
            </param>
            <param index="5">
              <value>
                <![CDATA[3400mAh]]>
              </value>
            </param>
          </params>
          <reporter-output>
          </reporter-output>
        </test-method> <!-- testModelSpecs -->
        <test-method status="PASS" signature="testModelSpecs(java.lang.String, java.lang.String, java.lang.String, java.lang.String, java.lang.String, java.lang.String)[pri:0, instance:com.qaprosoft.carina.demo.WebSampleTest@1f3f4916]" name="testModelSpecs" duration-ms="41896" started-at="2020-02-08T09:47:01Z" description="JIRA#AUTO-0008" data-provider="SingleDataProvider" finished-at="2020-02-08T09:47:42Z">
          <params>
            <param index="0">
              <value>
                <![CDATA[Samsung]]>
              </value>
            </param>
            <param index="1">
              <value>
                <![CDATA[Galaxy View2]]>
              </value>
            </param>
            <param index="2">
              <value>
                <![CDATA[17.3"]]>
              </value>
            </param>
            <param index="3">
              <value>
                <![CDATA[NO]]>
              </value>
            </param>
            <param index="4">
              <value>
                <![CDATA[3GB RAM]]>
              </value>
            </param>
            <param index="5">
              <value>
                <![CDATA[12000mAh]]>
              </value>
            </param>
          </params>
          <reporter-output>
          </reporter-output>
        </test-method> <!-- testModelSpecs -->
        <test-method status="FAIL" signature="testNewsSearch()[pri:0, instance:com.qaprosoft.carina.demo.WebSampleTest@1f3f4916]" name="testNewsSearch" duration-ms="29108" started-at="2020-02-08T09:47:42Z" description="JIRA#AUTO-0010" finished-at="2020-02-08T09:48:12Z">
          <exception class="java.lang.AssertionError">
            <message>
              <![CDATA[News page is not opened! expected [true] but found [false]]]>
            </message>
            <full-stacktrace>
              <![CDATA[java.lang.AssertionError: News page is not opened! expected [true] but found [false]
at org.testng.Assert.fail(Assert.java:96)
at org.testng.Assert.failNotEquals(Assert.java:776)
at org.testng.Assert.assertTrue(Assert.java:44)
at com.qaprosoft.carina.demo.WebSampleTest.testNewsSearch(WebSampleTest.java:107)
at sun.reflect.NativeMethodAccessorImpl.invoke0(Native Method)
at sun.reflect.NativeMethodAccessorImpl.invoke(Unknown Source)
at sun.reflect.DelegatingMethodAccessorImpl.invoke(Unknown Source)
at java.lang.reflect.Method.invoke(Unknown Source)
at org.testng.internal.MethodInvocationHelper.invokeMethod(MethodInvocationHelper.java:124)
at org.testng.internal.Invoker.invokeMethod(Invoker.java:583)
at org.testng.internal.Invoker.invokeTestMethod(Invoker.java:719)
at org.testng.internal.Invoker.invokeTestMethods(Invoker.java:989)
at org.testng.internal.TestMethodWorker.invokeTestMethods(TestMethodWorker.java:125)
at org.testng.internal.TestMethodWorker.run(TestMethodWorker.java:109)
at org.testng.TestRunner.privateRun(TestRunner.java:648)
at org.testng.TestRunner.run(TestRunner.java:505)
at org.testng.SuiteRunner.runTest(SuiteRunner.java:455)
at org.testng.SuiteRunner.runSequentially(SuiteRunner.java:450)
at org.testng.SuiteRunner.privateRun(SuiteRunner.java:415)
at org.testng.SuiteRunner.run(SuiteRunner.java:364)
at org.testng.SuiteRunnerWorker.runSuite(SuiteRunnerWorker.java:52)
at org.testng.SuiteRunnerWorker.run(SuiteRunnerWorker.java:84)
at org.testng.TestNG.runSuitesSequentially(TestNG.java:1208)
at org.testng.TestNG.runSuitesLocally(TestNG.java:1137)
at org.testng.TestNG.runSuites(TestNG.java:1049)
at org.testng.TestNG.run(TestNG.java:1017)
at org.testng.remote.AbstractRemoteTestNG.run(AbstractRemoteTestNG.java:114)
at org.testng.remote.RemoteTestNG.initAndRun(RemoteTestNG.java:251)
at org.testng.remote.RemoteTestNG.main(RemoteTestNG.java:77)
]]>
            </full-stacktrace>
          </exception> <!-- java.lang.AssertionError -->
          <reporter-output>
            <line>
              <![CDATA[ TEST [Default test - testNewsSearch] FAILED at [15:18:33 2020-02-08] - News page is not opened! expected [true] but found [false]

org.testng.Assert.fail(Assert.java:96)
org.testng.Assert.failNotEquals(Assert.java:776)
org.testng.Assert.assertTrue(Assert.java:44)
com.qaprosoft.carina.demo.WebSampleTest.testNewsSearch(WebSampleTest.java:107)
sun.reflect.NativeMethodAccessorImpl.invoke0(Native Method)
sun.reflect.NativeMethodAccessorImpl.invoke(Unknown Source)
sun.reflect.DelegatingMethodAccessorImpl.invoke(Unknown Source)
java.lang.reflect.Method.invoke(Unknown Source)
org.testng.internal.MethodInvocationHelper.invokeMethod(MethodInvocationHelper.java:124)
org.testng.internal.Invoker.invokeMethod(Invoker.java:583)
org.testng.internal.Invoker.invokeTestMethod(Invoker.java:719)
org.testng.internal.Invoker.invokeTestMethods(Invoker.java:989)
org.testng.internal.TestMethodWorker.invokeTestMethods(TestMethodWorker.java:125)
org.testng.internal.TestMethodWorker.run(TestMethodWorker.java:109)
org.testng.TestRunner.privateRun(TestRunner.java:648)
org.testng.TestRunner.run(TestRunner.java:505)
org.testng.SuiteRunner.runTest(SuiteRunner.java:455)
org.testng.SuiteRunner.runSequentially(SuiteRunner.java:450)
org.testng.SuiteRunner.privateRun(SuiteRunner.java:415)
org.testng.SuiteRunner.run(SuiteRunner.java:364)
org.testng.SuiteRunnerWorker.runSuite(SuiteRunnerWorker.java:52)
org.testng.SuiteRunnerWorker.run(SuiteRunnerWorker.java:84)
org.testng.TestNG.runSuitesSequentially(TestNG.java:1208)
org.testng.TestNG.runSuitesLocally(TestNG.java:1137)
org.testng.TestNG.runSuites(TestNG.java:1049)
org.testng.TestNG.run(TestNG.java:1017)
org.testng.remote.AbstractRemoteTestNG.run(AbstractRemoteTestNG.java:114)
org.testng.remote.RemoteTestNG.initAndRun(RemoteTestNG.java:251)
org.testng.remote.RemoteTestNG.main(RemoteTestNG.java:77)]]>
            </line>
          </reporter-output>
        </test-method> <!-- testNewsSearch -->
      </class> <!-- com.qaprosoft.carina.demo.WebSampleTest -->
    </test> <!-- Default test -->
  </suite> <!-- Default suite -->
</testng-results>
