<html>
<head>
<title>TestNG:  PT Web Test</title>
<link href="../testng.css" rel="stylesheet" type="text/css" />
<link href="../my-testng.css" rel="stylesheet" type="text/css" />

<style type="text/css">
.log { display: none;} 
.stack-trace { display: none;} 
</style>
<script type="text/javascript">
<!--
function flip(e) {
  current = e.style.display;
  if (current == 'block') {
    e.style.display = 'none';
    return 0;
  }
  else {
    e.style.display = 'block';
    return 1;
  }
}

function toggleBox(szDivId, elem, msg1, msg2)
{
  var res = -1;  if (document.getElementById) {
    res = flip(document.getElementById(szDivId));
  }
  else if (document.all) {
    // this is the way old msie versions work
    res = flip(document.all[szDivId]);
  }
  if(elem) {
    if(res == 0) elem.innerHTML = msg1; else elem.innerHTML = msg2;
  }

}

function toggleAllBoxes() {
  if (document.getElementsByTagName) {
    d = document.getElementsByTagName('div');
    for (i = 0; i < d.length; i++) {
      if (d[i].className == 'log') {
        flip(d[i]);
      }
    }
  }
}

// -->
</script>

</head>
<body>
<h2 align='center'>PT Web Test</h2><table border='1' align="center">
<tr>
<td>Tests passed/Failed/Skipped:</td><td>4/1/0</td>
</tr><tr>
<td>Started on:</td><td>Wed Feb 12 13:39:19 IST 2020</td>
</tr>
<tr><td>Total time:</td><td>264 seconds (264397 ms)</td>
</tr><tr>
<td>Included groups:</td><td></td>
</tr><tr>
<td>Excluded groups:</td><td></td>
</tr>
</table><p/>
<small><i>(Hover the method name to see the test class name)</i></small><p/>
<table width='100%' border='1' class='invocation-failed'>
<tr><td colspan='4' align='center'><b>FAILED TESTS</b></td></tr>
<tr><td><b>Test method</b></td>
<td width="30%"><b>Exception</b></td>
<td width="10%"><b>Time (seconds)</b></td>
<td><b>Instance</b></td>
</tr>
<tr>
<td title='com.qaprosoft.carina.demo.WebSamplePerformanceTest.testNewsSearch()'><b>testNewsSearch</b><br>Test class: com.qaprosoft.carina.demo.WebSamplePerformanceTest<br>Test method: JIRA#AUTO-0010<br/>
<a href="#Output-313530642" onClick='toggleBox("Output-313530642", this, "Show output", "Hide output");'>Show output</a>

<a href="#Output-313530642" onClick="toggleAllBoxes();">Show all outputs</a>
<div class='log' id="Output-313530642">
 TEST [PT Web Test - testNewsSearch] FAILED at [13:43:44 2020-02-12] - News page is not opened! expected [true] but found [false]

org.testng.Assert.fail(Assert.java:96)
org.testng.Assert.failNotEquals(Assert.java:776)
org.testng.Assert.assertTrue(Assert.java:44)
com.qaprosoft.carina.demo.WebSamplePerformanceTest.testNewsSearch(WebSamplePerformanceTest.java:139)
sun.reflect.NativeMethodAccessorImpl.invoke0(Native Method)
sun.reflect.NativeMethodAccessorImpl.invoke(Unknown Source)
sun.reflect.DelegatingMethodAccessorImpl.invoke(Unknown Source)
java.lang.reflect.Method.invoke(Unknown Source)
org.testng.internal.MethodInvocationHelper.invokeMethod(MethodInvocationHelper.java:124)
org.testng.internal.MethodInvocationHelper$1.runTestMethod(MethodInvocationHelper.java:230)
com.qaprosoft.zafira.listener.ZafiraListener.lambda$run$0(ZafiraListener.java:103)
com.qaprosoft.zafira.listener.ZafiraEventRegistrar.onTestHook(ZafiraEventRegistrar.java:360)
com.qaprosoft.zafira.listener.ZafiraListener.run(ZafiraListener.java:103)
org.testng.internal.MethodInvocationHelper.invokeHookable(MethodInvocationHelper.java:242)
org.testng.internal.Invoker.invokeMethod(Invoker.java:579)
org.testng.internal.Invoker.invokeTestMethod(Invoker.java:719)
org.testng.internal.Invoker.invokeTestMethods(Invoker.java:989)
org.testng.internal.TestMethodWorker.invokeTestMethods(TestMethodWorker.java:125)
org.testng.internal.TestMethodWorker.run(TestMethodWorker.java:109)
java.util.concurrent.ThreadPoolExecutor.runWorker(Unknown Source)
java.util.concurrent.ThreadPoolExecutor$Worker.run(Unknown Source)
java.lang.Thread.run(Unknown Source)<br/>
</div>
</td>
<td><div><pre>java.lang.AssertionError: News page is not opened! expected [true] but found [false]
	at com.qaprosoft.carina.demo.WebSamplePerformanceTest.testNewsSearch(WebSamplePerformanceTest.java:139)
	at com.qaprosoft.zafira.listener.ZafiraListener.lambda$run$0(ZafiraListener.java:103)
	at com.qaprosoft.zafira.listener.ZafiraEventRegistrar.onTestHook(ZafiraEventRegistrar.java:360)
	at com.qaprosoft.zafira.listener.ZafiraListener.run(ZafiraListener.java:103)
	at java.util.concurrent.ThreadPoolExecutor.runWorker(Unknown Source)
	at java.util.concurrent.ThreadPoolExecutor$Worker.run(Unknown Source)
	at java.lang.Thread.run(Unknown Source)
... Removed 15 stack frames</pre></div><a href='#' onClick='toggleBox("stack-trace313530642", this, "Click to show all stack frames", "Click to hide stack frames")'>Click to show all stack frames</a>
<div class='stack-trace' id='stack-trace313530642'><pre>java.lang.AssertionError: News page is not opened! expected [true] but found [false]
	at org.testng.Assert.fail(Assert.java:96)
	at org.testng.Assert.failNotEquals(Assert.java:776)
	at org.testng.Assert.assertTrue(Assert.java:44)
	at com.qaprosoft.carina.demo.WebSamplePerformanceTest.testNewsSearch(WebSamplePerformanceTest.java:139)
	at sun.reflect.NativeMethodAccessorImpl.invoke0(Native Method)
	at sun.reflect.NativeMethodAccessorImpl.invoke(Unknown Source)
	at sun.reflect.DelegatingMethodAccessorImpl.invoke(Unknown Source)
	at java.lang.reflect.Method.invoke(Unknown Source)
	at org.testng.internal.MethodInvocationHelper.invokeMethod(MethodInvocationHelper.java:124)
	at org.testng.internal.MethodInvocationHelper$1.runTestMethod(MethodInvocationHelper.java:230)
	at com.qaprosoft.zafira.listener.ZafiraListener.lambda$run$0(ZafiraListener.java:103)
	at com.qaprosoft.zafira.listener.ZafiraEventRegistrar.onTestHook(ZafiraEventRegistrar.java:360)
	at com.qaprosoft.zafira.listener.ZafiraListener.run(ZafiraListener.java:103)
	at org.testng.internal.MethodInvocationHelper.invokeHookable(MethodInvocationHelper.java:242)
	at org.testng.internal.Invoker.invokeMethod(Invoker.java:579)
	at org.testng.internal.Invoker.invokeTestMethod(Invoker.java:719)
	at org.testng.internal.Invoker.invokeTestMethods(Invoker.java:989)
	at org.testng.internal.TestMethodWorker.invokeTestMethods(TestMethodWorker.java:125)
	at org.testng.internal.TestMethodWorker.run(TestMethodWorker.java:109)
	at java.util.concurrent.ThreadPoolExecutor.runWorker(Unknown Source)
	at java.util.concurrent.ThreadPoolExecutor$Worker.run(Unknown Source)
	at java.lang.Thread.run(Unknown Source)
</pre></div></td>
<td>40</td>
<td>com.qaprosoft.carina.demo.WebSamplePerformanceTest@48ae9b55</td></tr>
</table><p>
<table width='100%' border='1' class='invocation-passed'>
<tr><td colspan='4' align='center'><b>PASSED TESTS</b></td></tr>
<tr><td><b>Test method</b></td>
<td width="30%"><b>Exception</b></td>
<td width="10%"><b>Time (seconds)</b></td>
<td><b>Instance</b></td>
</tr>
<tr>
<td title='com.qaprosoft.carina.demo.WebSamplePerformanceTest.testCompareModels()'><b>testCompareModels</b><br>Test class: com.qaprosoft.carina.demo.WebSamplePerformanceTest<br>Test method: JIRA#AUTO-0009</td>
<td></td>
<td>59</td>
<td>com.qaprosoft.carina.demo.WebSamplePerformanceTest@48ae9b55</td></tr>
<tr>
<td title='com.qaprosoft.carina.demo.WebSamplePerformanceTest.testModelSpecs()'><b>testModelSpecs</b><br>Test class: com.qaprosoft.carina.demo.WebSamplePerformanceTest<br>Test method: JIRA#AUTO-0008<br>Parameters: {Execute=Y, display=6.4", model=Galaxy S10+, TUID=GSMA0001, camera=16MP, battery=4100mAh, brand=Samsung, ram=12GB RAM}</td>
<td></td>
<td>58</td>
<td>com.qaprosoft.carina.demo.WebSamplePerformanceTest@48ae9b55</td></tr>
<tr>
<td title='com.qaprosoft.carina.demo.WebSamplePerformanceTest.testModelSpecs()'><b>testModelSpecs</b><br>Test class: com.qaprosoft.carina.demo.WebSamplePerformanceTest<br>Test method: JIRA#AUTO-0008<br>Parameters: {Execute=Y, display=6.1", model=Galaxy S10, TUID=GSMA0002, camera=16MP, battery=3400mAh, brand=Samsung, ram=8GB RAM}</td>
<td></td>
<td>42</td>
<td>com.qaprosoft.carina.demo.WebSamplePerformanceTest@48ae9b55</td></tr>
<tr>
<td title='com.qaprosoft.carina.demo.WebSamplePerformanceTest.testModelSpecs()'><b>testModelSpecs</b><br>Test class: com.qaprosoft.carina.demo.WebSamplePerformanceTest<br>Test method: JIRA#AUTO-0008<br>Parameters: {Execute=Y, display=17.3", model=Galaxy View2, TUID=GSMA0003, camera=NO, battery=12000mAh, brand=Samsung, ram=3GB RAM}</td>
<td></td>
<td>52</td>
<td>com.qaprosoft.carina.demo.WebSamplePerformanceTest@48ae9b55</td></tr>
</table><p>
</body>
</html>