<?xml version="1.0" encoding="UTF-8"?>
<!-- Generated by org.testng.reporters.JUnitReportReporter -->
<testsuite skipped="0" hostname="QKNBK474" name="com.qaprosoft.carina.demo.WebSamplePerformanceTest" tests="5" failures="1" timestamp="19 Feb 2020 10:20:56 GMT" time="342.584" errors="0">
  <testcase name="testModelSpecs" time="56.514" classname="com.qaprosoft.carina.demo.WebSamplePerformanceTest"/>
  <testcase name="testModelSpecs" time="68.668" classname="com.qaprosoft.carina.demo.WebSamplePerformanceTest"/>
  <testcase name="testModelSpecs" time="55.206" classname="com.qaprosoft.carina.demo.WebSamplePerformanceTest"/>
  <testcase name="testNewsSearch" time="45.195" classname="com.qaprosoft.carina.demo.WebSamplePerformanceTest">
    <failure type="java.lang.AssertionError" message="News page is not opened! expected [true] but found [false]">
      <![CDATA[java.lang.AssertionError: News page is not opened! expected [true] but found [false]
at org.testng.Assert.fail(Assert.java:96)
at org.testng.Assert.failNotEquals(Assert.java:776)
at org.testng.Assert.assertTrue(Assert.java:44)
at com.qaprosoft.carina.demo.WebSamplePerformanceTest.testNewsSearch(WebSamplePerformanceTest.java:139)
at sun.reflect.NativeMethodAccessorImpl.invoke0(Native Method)
at sun.reflect.NativeMethodAccessorImpl.invoke(Unknown Source)
at sun.reflect.DelegatingMethodAccessorImpl.invoke(Unknown Source)
at java.lang.reflect.Method.invoke(Unknown Source)
at org.testng.internal.MethodInvocationHelper.invokeMethod(MethodInvocationHelper.java:124)
at org.testng.internal.MethodInvocationHelper$1.runTestMethod(MethodInvocationHelper.java:230)
at com.qaprosoft.zafira.listener.ZafiraListener.lambda$run$0(ZafiraListener.java:103)
at com.qaprosoft.zafira.listener.ZafiraEventRegistrar.onTestHook(ZafiraEventRegistrar.java:360)
at com.qaprosoft.zafira.listener.ZafiraListener.run(ZafiraListener.java:103)
at org.testng.internal.MethodInvocationHelper.invokeHookable(MethodInvocationHelper.java:242)
at org.testng.internal.Invoker.invokeMethod(Invoker.java:579)
at org.testng.internal.Invoker.invokeTestMethod(Invoker.java:719)
at org.testng.internal.Invoker.invokeTestMethods(Invoker.java:989)
at org.testng.internal.TestMethodWorker.invokeTestMethods(TestMethodWorker.java:125)
at org.testng.internal.TestMethodWorker.run(TestMethodWorker.java:109)
at java.util.concurrent.ThreadPoolExecutor.runWorker(Unknown Source)
at java.util.concurrent.ThreadPoolExecutor$Worker.run(Unknown Source)
at java.lang.Thread.run(Unknown Source)
]]>
    </failure>
  </testcase> <!-- testNewsSearch -->
  <testcase name="testCompareModels" time="117.001" classname="com.qaprosoft.carina.demo.WebSamplePerformanceTest"/>
</testsuite> <!-- com.qaprosoft.carina.demo.WebSamplePerformanceTest -->
